0 info it worked if it ends with ok
1 verbose cli [ '/usr/bin/node',
1 verbose cli   '/usr/bin/npm',
1 verbose cli   'version',
1 verbose cli   'major',
1 verbose cli   '-m',
1 verbose cli   'First major release, added chatting from console, more robust default commands, commands command to list all commands, settings are now in config.json and slightly improved readme.md' ]
2 info using npm@1.4.28
3 info using node@v0.10.37
4 verbose node symlink /usr/bin/node
5 error Error: Git working directory not clean.
5 error M package.json
5 error     at /usr/lib/node_modules/npm/lib/version.js:91:33
5 error     at ChildProcess.exithandler (child_process.js:656:7)
5 error     at ChildProcess.emit (events.js:98:17)
5 error     at maybeClose (child_process.js:766:16)
5 error     at Socket.<anonymous> (child_process.js:979:11)
5 error     at Socket.emit (events.js:95:17)
5 error     at Pipe.close (net.js:466:12)
6 error If you need help, you may report this *entire* log,
6 error including the npm and node versions, at:
6 error     <http://github.com/npm/npm/issues>
7 error System Linux 3.10.18
8 error command "/usr/bin/node" "/usr/bin/npm" "version" "major" "-m" "First major release, added chatting from console, more robust default commands, commands command to list all commands, settings are now in config.json and slightly improved readme.md"
9 error cwd /home/daniel/projects/nodeIRCbot
10 error node -v v0.10.37
11 error npm -v 1.4.28
12 verbose exit [ 1, true ]
